[2025-03-20 09:28:16] Gagal mengirim teks ke 6281348681778! Response: {"code":"INVALID_JID","message":"Phone 6281348681778@s.whatsapp.net is not on whatsapp"}

[2025-03-20 09:28:16] Gagal mengirim gambar ke 6281348681778! Response: {"code":"INVALID_JID","message":"Phone 6281348681778@s.whatsapp.net is not on whatsapp"}

[2025-03-20 09:28:22] Gagal mengirim teks ke 6281351715552! Response: {"code":"INVALID_JID","message":"Phone 6281351715552@s.whatsapp.net is not on whatsapp"}

[2025-03-20 09:28:23] Gagal mengirim gambar ke 6281351715552! Response: {"code":"INVALID_JID","message":"Phone 6281351715552@s.whatsapp.net is not on whatsapp"}

[2025-03-20 09:28:56] Gagal mengirim teks ke 6281256772835! Response: {"code":"INVALID_JID","message":"Phone 6281256772835@s.whatsapp.net is not on whatsapp"}

[2025-03-20 09:28:56] Gagal mengirim gambar ke 6281256772835! Response: {"code":"INVALID_JID","message":"Phone 6281256772835@s.whatsapp.net is not on whatsapp"}

[2025-03-20 09:29:16] Gagal mengirim teks ke 6285348574342! Response: {"code":"INVALID_JID","message":"Phone 6285348574342@s.whatsapp.net is not on whatsapp"}

[2025-03-20 09:29:16] Gagal mengirim gambar ke 6285348574342! Response: {"code":"INVALID_JID","message":"Phone 6285348574342@s.whatsapp.net is not on whatsapp"}

[2025-03-20 09:29:44] Gagal mengirim teks ke 6285250212833! Response: {"code":"INVALID_JID","message":"Phone 6285250212833@s.whatsapp.net is not on whatsapp"}

[2025-03-20 09:29:44] Gagal mengirim gambar ke 6285250212833! Response: {"code":"INVALID_JID","message":"Phone 6285250212833@s.whatsapp.net is not on whatsapp"}

[2025-03-20 09:30:22] Gagal mengirim teks ke 6282151730099! Response: {"code":"INVALID_JID","message":"Phone 6282151730099@s.whatsapp.net is not on whatsapp"}

[2025-03-20 09:30:22] Gagal mengirim gambar ke 6282151730099! Response: {"code":"INVALID_JID","message":"Phone 6282151730099@s.whatsapp.net is not on whatsapp"}

[2025-03-20 09:30:59] Gagal mengirim teks ke 6282154201616! Response: {"code":"INVALID_JID","message":"Phone 6282154201616@s.whatsapp.net is not on whatsapp"}

[2025-03-20 09:30:59] Gagal mengirim gambar ke 6282154201616! Response: {"code":"INVALID_JID","message":"Phone 6282154201616@s.whatsapp.net is not on whatsapp"}

[2025-03-20 09:31:16] Gagal mengirim teks ke 6285252601115! Response: {"code":"INVALID_JID","message":"Phone 6285252601115@s.whatsapp.net is not on whatsapp"}

[2025-03-20 09:31:16] Gagal mengirim gambar ke 6285252601115! Response: {"code":"INVALID_JID","message":"Phone 6285252601115@s.whatsapp.net is not on whatsapp"}

[2025-03-20 09:31:35] Gagal mengirim teks ke 628744691332! Response: {"code":"INVALID_JID","message":"Phone 628744691332@s.whatsapp.net is not on whatsapp"}

[2025-03-20 09:31:35] Gagal mengirim gambar ke 628744691332! Response: {"code":"INVALID_JID","message":"Phone 628744691332@s.whatsapp.net is not on whatsapp"}

[2025-03-20 09:33:33] Gagal mengirim teks ke 6281379252033! Response: {"code":"INVALID_JID","message":"Phone 6281379252033@s.whatsapp.net is not on whatsapp"}

[2025-03-20 09:33:33] Gagal mengirim gambar ke 6281379252033! Response: {"code":"INVALID_JID","message":"Phone 6281379252033@s.whatsapp.net is not on whatsapp"}

[2025-03-20 09:33:53] Gagal mengirim teks ke 6281348255334! Response: {"code":"INVALID_JID","message":"Phone 6281348255334@s.whatsapp.net is not on whatsapp"}

[2025-03-20 09:33:54] Gagal mengirim gambar ke 6281348255334! Response: {"code":"INVALID_JID","message":"Phone 6281348255334@s.whatsapp.net is not on whatsapp"}

[2025-03-20 09:33:59] Gagal mengirim teks ke 6287816359508! Response: {"code":"INVALID_JID","message":"Phone 6287816359508@s.whatsapp.net is not on whatsapp"}

[2025-03-20 09:33:59] Gagal mengirim gambar ke 6287816359508! Response: {"code":"INVALID_JID","message":"Phone 6287816359508@s.whatsapp.net is not on whatsapp"}

[2025-03-20 09:35:07] Gagal mengirim teks ke 6281348659429! Response: {"code":"INVALID_JID","message":"Phone 6281348659429@s.whatsapp.net is not on whatsapp"}

[2025-03-20 09:35:08] Gagal mengirim gambar ke 6281348659429! Response: {"code":"INVALID_JID","message":"Phone 6281348659429@s.whatsapp.net is not on whatsapp"}

[2025-03-20 09:36:13] Gagal mengirim teks ke 6281257045154! Response: {"code":"INVALID_JID","message":"Phone 6281257045154@s.whatsapp.net is not on whatsapp"}

[2025-03-20 09:36:13] Gagal mengirim gambar ke 6281257045154! Response: {"code":"INVALID_JID","message":"Phone 6281257045154@s.whatsapp.net is not on whatsapp"}

[2025-03-20 09:36:23] Gagal mengirim teks ke 6281351615435! Response: {"code":"INVALID_JID","message":"Phone 6281351615435@s.whatsapp.net is not on whatsapp"}

[2025-03-20 09:36:24] Gagal mengirim gambar ke 6281351615435! Response: {"code":"INVALID_JID","message":"Phone 6281351615435@s.whatsapp.net is not on whatsapp"}

[2025-03-20 09:36:28] Gagal mengirim teks ke 62816214452! Response: {"code":"INVALID_JID","message":"Phone 62816214452@s.whatsapp.net is not on whatsapp"}

[2025-03-20 09:36:28] Gagal mengirim gambar ke 62816214452! Response: {"code":"INVALID_JID","message":"Phone 62816214452@s.whatsapp.net is not on whatsapp"}

[2025-03-20 09:37:07] Gagal mengirim teks ke 6285345625060! Response: {"code":"INVALID_JID","message":"Phone 6285345625060@s.whatsapp.net is not on whatsapp"}

[2025-03-20 09:37:08] Gagal mengirim gambar ke 6285345625060! Response: {"code":"INVALID_JID","message":"Phone 6285345625060@s.whatsapp.net is not on whatsapp"}

[2025-03-20 09:37:57] Gagal mengirim teks ke 6282251664004! Response: {"code":"INVALID_JID","message":"Phone 6282251664004@s.whatsapp.net is not on whatsapp"}

[2025-03-20 09:37:57] Gagal mengirim gambar ke 6282251664004! Response: {"code":"INVALID_JID","message":"Phone 6282251664004@s.whatsapp.net is not on whatsapp"}

[2025-03-20 09:38:43] Gagal mengirim teks ke 6285248903297! Response: {"code":"INVALID_JID","message":"Phone 6285248903297@s.whatsapp.net is not on whatsapp"}

[2025-03-20 09:38:44] Gagal mengirim gambar ke 6285248903297! Response: {"code":"INVALID_JID","message":"Phone 6285248903297@s.whatsapp.net is not on whatsapp"}

[2025-03-20 09:39:07] Gagal mengirim teks ke 6287841893093! Response: {"code":"INVALID_JID","message":"Phone 6287841893093@s.whatsapp.net is not on whatsapp"}

[2025-03-20 09:39:07] Gagal mengirim gambar ke 6287841893093! Response: {"code":"INVALID_JID","message":"Phone 6287841893093@s.whatsapp.net is not on whatsapp"}

[2025-03-20 09:40:16] Gagal mengirim teks ke 6285349388064! Response: {"code":"INVALID_JID","message":"Phone 6285349388064@s.whatsapp.net is not on whatsapp"}

[2025-03-20 09:40:16] Gagal mengirim gambar ke 6285349388064! Response: {"code":"INVALID_JID","message":"Phone 6285349388064@s.whatsapp.net is not on whatsapp"}

[2025-03-20 09:40:37] Gagal mengirim teks ke 6285390577437! Response: {"code":"INVALID_JID","message":"Phone 6285390577437@s.whatsapp.net is not on whatsapp"}

[2025-03-20 09:40:37] Gagal mengirim gambar ke 6285390577437! Response: {"code":"INVALID_JID","message":"Phone 6285390577437@s.whatsapp.net is not on whatsapp"}

[2025-03-20 09:41:01] Gagal mengirim teks ke 6285388654241! Response: {"code":"INVALID_JID","message":"Phone 6285388654241@s.whatsapp.net is not on whatsapp"}

[2025-03-20 09:41:01] Gagal mengirim gambar ke 6285388654241! Response: {"code":"INVALID_JID","message":"Phone 6285388654241@s.whatsapp.net is not on whatsapp"}

[2025-03-20 09:41:12] Gagal mengirim teks ke 6285251346385! Response: {"code":"INVALID_JID","message":"Phone 6285251346385@s.whatsapp.net is not on whatsapp"}

[2025-03-20 09:41:12] Gagal mengirim gambar ke 6285251346385! Response: {"code":"INVALID_JID","message":"Phone 6285251346385@s.whatsapp.net is not on whatsapp"}

[2025-03-20 09:41:49] Gagal mengirim teks ke 6285393067564! Response: {"code":"INVALID_JID","message":"Phone 6285393067564@s.whatsapp.net is not on whatsapp"}

[2025-03-20 09:41:49] Gagal mengirim gambar ke 6285393067564! Response: {"code":"INVALID_JID","message":"Phone 6285393067564@s.whatsapp.net is not on whatsapp"}

[2025-03-20 09:42:12] Gagal mengirim teks ke 6282157229448! Response: {"code":"INVALID_JID","message":"Phone 6282157229448@s.whatsapp.net is not on whatsapp"}

[2025-03-20 09:42:12] Gagal mengirim gambar ke 6282157229448! Response: {"code":"INVALID_JID","message":"Phone 6282157229448@s.whatsapp.net is not on whatsapp"}

[2025-03-20 09:42:21] Gagal mengirim teks ke 6282149623575! Response: {"code":"INVALID_JID","message":"Phone 6282149623575@s.whatsapp.net is not on whatsapp"}

[2025-03-20 09:42:22] Gagal mengirim gambar ke 6282149623575! Response: {"code":"INVALID_JID","message":"Phone 6282149623575@s.whatsapp.net is not on whatsapp"}

[2025-03-20 09:43:06] Gagal mengirim teks ke 6285346579855! Response: {"code":"INVALID_JID","message":"Phone 6285346579855@s.whatsapp.net is not on whatsapp"}

[2025-03-20 09:43:06] Gagal mengirim gambar ke 6285346579855! Response: {"code":"INVALID_JID","message":"Phone 6285346579855@s.whatsapp.net is not on whatsapp"}

[2025-03-20 09:43:10] Gagal mengirim teks ke 62819191817198! Response: {"code":"INVALID_JID","message":"Phone 62819191817198@s.whatsapp.net is not on whatsapp"}

[2025-03-20 09:43:11] Gagal mengirim gambar ke 62819191817198! Response: {"code":"INVALID_JID","message":"Phone 62819191817198@s.whatsapp.net is not on whatsapp"}

[2025-03-20 09:43:56] Gagal mengirim teks ke 6285651157755! Response: {"code":"INVALID_JID","message":"Phone 6285651157755@s.whatsapp.net is not on whatsapp"}

[2025-03-20 09:43:56] Gagal mengirim gambar ke 6285651157755! Response: {"code":"INVALID_JID","message":"Phone 6285651157755@s.whatsapp.net is not on whatsapp"}

[2025-03-20 09:44:12] Gagal mengirim teks ke 628135257455! Response: {"code":"INVALID_JID","message":"Phone 628135257455@s.whatsapp.net is not on whatsapp"}

[2025-03-20 09:44:12] Gagal mengirim gambar ke 628135257455! Response: {"code":"INVALID_JID","message":"Phone 628135257455@s.whatsapp.net is not on whatsapp"}

[2025-03-20 09:44:32] Gagal mengirim teks ke 6281348000065! Response: {"code":"INVALID_JID","message":"Phone 6281348000065@s.whatsapp.net is not on whatsapp"}

[2025-03-20 09:44:32] Gagal mengirim gambar ke 6281348000065! Response: {"code":"INVALID_JID","message":"Phone 6281348000065@s.whatsapp.net is not on whatsapp"}

[2025-03-20 09:45:39] Gagal mengirim teks ke 6287706082831! Response: {"code":"INVALID_JID","message":"Phone 6287706082831@s.whatsapp.net is not on whatsapp"}

[2025-03-20 09:45:40] Gagal mengirim gambar ke 6287706082831! Response: {"code":"INVALID_JID","message":"Phone 6287706082831@s.whatsapp.net is not on whatsapp"}

[2025-03-20 09:50:35] Gagal mengirim teks ke 6281254755761! Response: {"code":"INVALID_JID","message":"Phone 6281254755761@s.whatsapp.net is not on whatsapp"}

[2025-03-20 09:50:35] Gagal mengirim gambar ke 6281254755761! Response: {"code":"INVALID_JID","message":"Phone 6281254755761@s.whatsapp.net is not on whatsapp"}

[2025-03-20 09:52:52] Gagal mengirim teks ke 6287820031287! Response: {"code":"INVALID_JID","message":"Phone 6287820031287@s.whatsapp.net is not on whatsapp"}

[2025-03-20 09:52:52] Gagal mengirim gambar ke 6287820031287! Response: {"code":"INVALID_JID","message":"Phone 6287820031287@s.whatsapp.net is not on whatsapp"}

[2025-03-20 09:52:55] Gagal mengirim teks ke 6285332187666! Response: {"code":"INVALID_JID","message":"Phone 6285332187666@s.whatsapp.net is not on whatsapp"}

[2025-03-20 09:52:56] Gagal mengirim gambar ke 6285332187666! Response: {"code":"INVALID_JID","message":"Phone 6285332187666@s.whatsapp.net is not on whatsapp"}

[2025-03-20 09:53:22] Gagal mengirim teks ke 6282149449922! Response: {"code":"INVALID_JID","message":"Phone 6282149449922@s.whatsapp.net is not on whatsapp"}

[2025-03-20 09:53:23] Gagal mengirim gambar ke 6282149449922! Response: {"code":"INVALID_JID","message":"Phone 6282149449922@s.whatsapp.net is not on whatsapp"}

[2025-03-20 09:55:10] Gagal mengirim teks ke 6287875367878! Response: {"code":"INVALID_JID","message":"Phone 6287875367878@s.whatsapp.net is not on whatsapp"}

[2025-03-20 09:55:10] Gagal mengirim gambar ke 6287875367878! Response: {"code":"INVALID_JID","message":"Phone 6287875367878@s.whatsapp.net is not on whatsapp"}

[2025-03-20 09:55:18] Gagal mengirim teks ke 6281349667795! Response: {"code":"INVALID_JID","message":"Phone 6281349667795@s.whatsapp.net is not on whatsapp"}

[2025-03-20 09:55:18] Gagal mengirim gambar ke 6281349667795! Response: {"code":"INVALID_JID","message":"Phone 6281349667795@s.whatsapp.net is not on whatsapp"}

[2025-03-20 09:55:56] Gagal mengirim teks ke 628963713168! Response: {"code":"INVALID_JID","message":"Phone 628963713168@s.whatsapp.net is not on whatsapp"}

[2025-03-20 09:55:56] Gagal mengirim gambar ke 628963713168! Response: {"code":"INVALID_JID","message":"Phone 628963713168@s.whatsapp.net is not on whatsapp"}

[2025-03-20 09:57:10] Gagal mengirim teks ke 6287825208969! Response: {"code":"INVALID_JID","message":"Phone 6287825208969@s.whatsapp.net is not on whatsapp"}

[2025-03-20 09:57:10] Gagal mengirim gambar ke 6287825208969! Response: {"code":"INVALID_JID","message":"Phone 6287825208969@s.whatsapp.net is not on whatsapp"}

[2025-03-20 09:57:53] Gagal mengirim teks ke 6281251783883! Response: {"code":"INVALID_JID","message":"Phone 6281251783883@s.whatsapp.net is not on whatsapp"}

[2025-03-20 09:57:53] Gagal mengirim gambar ke 6281251783883! Response: {"code":"INVALID_JID","message":"Phone 6281251783883@s.whatsapp.net is not on whatsapp"}

[2025-03-20 10:03:07] Gagal mengirim teks ke 6282191097129! Response: {"code":"INVALID_JID","message":"Phone 6282191097129@s.whatsapp.net is not on whatsapp"}

[2025-03-20 10:03:07] Gagal mengirim gambar ke 6282191097129! Response: {"code":"INVALID_JID","message":"Phone 6282191097129@s.whatsapp.net is not on whatsapp"}

[2025-03-20 10:03:56] Gagal mengirim teks ke 6285387451177! Response: {"code":"INVALID_JID","message":"Phone 6285387451177@s.whatsapp.net is not on whatsapp"}

[2025-03-20 10:03:56] Gagal mengirim gambar ke 6285387451177! Response: {"code":"INVALID_JID","message":"Phone 6285387451177@s.whatsapp.net is not on whatsapp"}

[2025-03-20 10:03:59] Gagal mengirim teks ke 628584931630! Response: {"code":"INVALID_JID","message":"Phone 628584931630@s.whatsapp.net is not on whatsapp"}

[2025-03-20 10:04:00] Gagal mengirim gambar ke 628584931630! Response: {"code":"INVALID_JID","message":"Phone 628584931630@s.whatsapp.net is not on whatsapp"}

[2025-03-20 10:05:15] Gagal mengirim teks ke 6281520421619! Response: {"code":"INVALID_JID","message":"Phone 6281520421619@s.whatsapp.net is not on whatsapp"}

[2025-03-20 10:05:15] Gagal mengirim gambar ke 6281520421619! Response: {"code":"INVALID_JID","message":"Phone 6281520421619@s.whatsapp.net is not on whatsapp"}

[2025-03-20 10:05:45] Gagal mengirim teks ke 6281251090002! Response: {"code":"INVALID_JID","message":"Phone 6281251090002@s.whatsapp.net is not on whatsapp"}

[2025-03-20 10:05:45] Gagal mengirim gambar ke 6281251090002! Response: {"code":"INVALID_JID","message":"Phone 6281251090002@s.whatsapp.net is not on whatsapp"}

[2025-03-20 10:11:40] Gagal mengirim teks ke 6281349741533! Response: {"code":"INVALID_JID","message":"Phone 6281349741533@s.whatsapp.net is not on whatsapp"}

[2025-03-20 10:11:40] Gagal mengirim gambar ke 6281349741533! Response: {"code":"INVALID_JID","message":"Phone 6281349741533@s.whatsapp.net is not on whatsapp"}

[2025-03-20 10:12:33] Gagal mengirim teks ke 6281520431070! Response: {"code":"INVALID_JID","message":"Phone 6281520431070@s.whatsapp.net is not on whatsapp"}

[2025-03-20 10:12:34] Gagal mengirim gambar ke 6281520431070! Response: {"code":"INVALID_JID","message":"Phone 6281520431070@s.whatsapp.net is not on whatsapp"}

[2025-03-20 10:13:19] Gagal mengirim teks ke 6285248240865! Response: {"code":"INVALID_JID","message":"Phone 6285248240865@s.whatsapp.net is not on whatsapp"}

[2025-03-20 10:13:19] Gagal mengirim gambar ke 6285248240865! Response: {"code":"INVALID_JID","message":"Phone 6285248240865@s.whatsapp.net is not on whatsapp"}

[2025-03-20 10:17:17] Gagal mengirim teks ke 6282149939277! Response: {"code":"INVALID_JID","message":"Phone 6282149939277@s.whatsapp.net is not on whatsapp"}

[2025-03-20 10:17:18] Gagal mengirim gambar ke 6282149939277! Response: {"code":"INVALID_JID","message":"Phone 6282149939277@s.whatsapp.net is not on whatsapp"}

[2025-03-20 10:18:40] Gagal mengirim teks ke 62811510584! Response: {"code":"INVALID_JID","message":"Phone 62811510584@s.whatsapp.net is not on whatsapp"}

[2025-03-20 10:18:40] Gagal mengirim gambar ke 62811510584! Response: {"code":"INVALID_JID","message":"Phone 62811510584@s.whatsapp.net is not on whatsapp"}

[2025-03-20 10:19:33] Gagal mengirim teks ke 6285100284312! Response: {"code":"INVALID_JID","message":"Phone 6285100284312@s.whatsapp.net is not on whatsapp"}

[2025-03-20 10:19:33] Gagal mengirim gambar ke 6285100284312! Response: {"code":"INVALID_JID","message":"Phone 6285100284312@s.whatsapp.net is not on whatsapp"}

[2025-03-20 10:22:47] Gagal mengirim teks ke 62811527524! Response: {"code":"INVALID_JID","message":"Phone 62811527524@s.whatsapp.net is not on whatsapp"}

[2025-03-20 10:22:47] Gagal mengirim gambar ke 62811527524! Response: {"code":"INVALID_JID","message":"Phone 62811527524@s.whatsapp.net is not on whatsapp"}

[2025-03-20 10:25:40] Gagal mengirim teks ke 6285347121183! Response: {"code":"INVALID_JID","message":"Phone 6285347121183@s.whatsapp.net is not on whatsapp"}

[2025-03-20 10:25:41] Gagal mengirim gambar ke 6285347121183! Response: {"code":"INVALID_JID","message":"Phone 6285347121183@s.whatsapp.net is not on whatsapp"}

[2025-03-20 10:26:37] Gagal mengirim teks ke 628125154919! Response: {"code":"INVALID_JID","message":"Phone 628125154919@s.whatsapp.net is not on whatsapp"}

[2025-03-20 10:26:37] Gagal mengirim gambar ke 628125154919! Response: {"code":"INVALID_JID","message":"Phone 628125154919@s.whatsapp.net is not on whatsapp"}

[2025-03-20 10:26:48] Gagal mengirim teks ke 6281256585550! Response: {"code":"INVALID_JID","message":"Phone 6281256585550@s.whatsapp.net is not on whatsapp"}

[2025-03-20 10:26:48] Gagal mengirim gambar ke 6281256585550! Response: {"code":"INVALID_JID","message":"Phone 6281256585550@s.whatsapp.net is not on whatsapp"}

[2025-03-20 10:27:06] Gagal mengirim teks ke 6282153011109! Response: {"code":"INVALID_JID","message":"Phone 6282153011109@s.whatsapp.net is not on whatsapp"}

[2025-03-20 10:27:06] Gagal mengirim gambar ke 6282153011109! Response: {"code":"INVALID_JID","message":"Phone 6282153011109@s.whatsapp.net is not on whatsapp"}

[2025-03-20 10:27:13] Gagal mengirim teks ke 6285349968639! Response: {"code":"INVALID_JID","message":"Phone 6285349968639@s.whatsapp.net is not on whatsapp"}

[2025-03-20 10:27:14] Gagal mengirim gambar ke 6285349968639! Response: {"code":"INVALID_JID","message":"Phone 6285349968639@s.whatsapp.net is not on whatsapp"}

[2025-03-20 10:27:18] Gagal mengirim teks ke 6285101362126! Response: {"code":"INVALID_JID","message":"Phone 6285101362126@s.whatsapp.net is not on whatsapp"}

[2025-03-20 10:27:18] Gagal mengirim gambar ke 6285101362126! Response: {"code":"INVALID_JID","message":"Phone 6285101362126@s.whatsapp.net is not on whatsapp"}

[2025-03-20 10:27:35] Gagal mengirim teks ke 6281250079936! Response: {"code":"INVALID_JID","message":"Phone 6281250079936@s.whatsapp.net is not on whatsapp"}

[2025-03-20 10:27:35] Gagal mengirim gambar ke 6281250079936! Response: {"code":"INVALID_JID","message":"Phone 6281250079936@s.whatsapp.net is not on whatsapp"}

[2025-03-20 10:30:39] Gagal mengirim teks ke 6285251640330! Response: {"code":"INVALID_JID","message":"Phone 6285251640330@s.whatsapp.net is not on whatsapp"}

[2025-03-20 10:30:40] Gagal mengirim gambar ke 6285251640330! Response: {"code":"INVALID_JID","message":"Phone 6285251640330@s.whatsapp.net is not on whatsapp"}

[2025-03-20 10:33:29] Gagal mengirim teks ke 6285349577655! Response: {"code":"INVALID_JID","message":"Phone 6285349577655@s.whatsapp.net is not on whatsapp"}

[2025-03-20 10:33:29] Gagal mengirim gambar ke 6285349577655! Response: {"code":"INVALID_JID","message":"Phone 6285349577655@s.whatsapp.net is not on whatsapp"}

[2025-03-20 10:34:57] Gagal mengirim teks ke 6281255763396! Response: {"code":"INVALID_JID","message":"Phone 6281255763396@s.whatsapp.net is not on whatsapp"}

[2025-03-20 10:34:57] Gagal mengirim gambar ke 6281255763396! Response: {"code":"INVALID_JID","message":"Phone 6281255763396@s.whatsapp.net is not on whatsapp"}

[2025-03-20 10:36:15] Gagal mengirim teks ke 6282153712241! Response: {"code":"INVALID_JID","message":"Phone 6282153712241@s.whatsapp.net is not on whatsapp"}

[2025-03-20 10:36:15] Gagal mengirim gambar ke 6282153712241! Response: {"code":"INVALID_JID","message":"Phone 6282153712241@s.whatsapp.net is not on whatsapp"}

[2025-03-20 10:37:33] Gagal mengirim teks ke 6285348018304! Response: {"code":"INVALID_JID","message":"Phone 6285348018304@s.whatsapp.net is not on whatsapp"}

[2025-03-20 10:37:33] Gagal mengirim gambar ke 6285348018304! Response: {"code":"INVALID_JID","message":"Phone 6285348018304@s.whatsapp.net is not on whatsapp"}

[2025-03-20 10:37:42] Gagal mengirim teks ke 6285349855264! Response: {"code":"INVALID_JID","message":"Phone 6285349855264@s.whatsapp.net is not on whatsapp"}

[2025-03-20 10:37:43] Gagal mengirim gambar ke 6285349855264! Response: {"code":"INVALID_JID","message":"Phone 6285349855264@s.whatsapp.net is not on whatsapp"}

[2025-03-20 10:38:14] Gagal mengirim teks ke 6281348926280! Response: {"code":"INVALID_JID","message":"Phone 6281348926280@s.whatsapp.net is not on whatsapp"}

[2025-03-20 10:38:14] Gagal mengirim gambar ke 6281348926280! Response: {"code":"INVALID_JID","message":"Phone 6281348926280@s.whatsapp.net is not on whatsapp"}

[2025-03-20 10:39:23] Gagal mengirim teks ke 6281528979991! Response: {"code":"INVALID_JID","message":"Phone 6281528979991@s.whatsapp.net is not on whatsapp"}

[2025-03-20 10:39:23] Gagal mengirim gambar ke 6281528979991! Response: {"code":"INVALID_JID","message":"Phone 6281528979991@s.whatsapp.net is not on whatsapp"}

[2025-03-20 10:41:19] Gagal mengirim teks ke 6281256192900! Response: {"code":"INVALID_JID","message":"Phone 6281256192900@s.whatsapp.net is not on whatsapp"}

[2025-03-20 10:41:20] Gagal mengirim gambar ke 6281256192900! Response: {"code":"INVALID_JID","message":"Phone 6281256192900@s.whatsapp.net is not on whatsapp"}

[2025-03-20 10:43:08] Gagal mengirim teks ke 6282149320233! Response: {"code":"INVALID_JID","message":"Phone 6282149320233@s.whatsapp.net is not on whatsapp"}

[2025-03-20 10:43:09] Gagal mengirim gambar ke 6282149320233! Response: {"code":"INVALID_JID","message":"Phone 6282149320233@s.whatsapp.net is not on whatsapp"}

[2025-03-20 10:43:35] Gagal mengirim teks ke 6285388624423! Response: {"code":"INVALID_JID","message":"Phone 6285388624423@s.whatsapp.net is not on whatsapp"}

[2025-03-20 10:43:35] Gagal mengirim gambar ke 6285388624423! Response: {"code":"INVALID_JID","message":"Phone 6285388624423@s.whatsapp.net is not on whatsapp"}

[2025-03-20 10:45:20] Gagal mengirim teks ke 628125023651! Response: {"code":"INVALID_JID","message":"Phone 628125023651@s.whatsapp.net is not on whatsapp"}

[2025-03-20 10:45:21] Gagal mengirim gambar ke 628125023651! Response: {"code":"INVALID_JID","message":"Phone 628125023651@s.whatsapp.net is not on whatsapp"}

[2025-03-20 10:46:36] Gagal mengirim teks ke 62811501147! Response: {"code":"INVALID_JID","message":"Phone 62811501147@s.whatsapp.net is not on whatsapp"}

[2025-03-20 10:46:36] Gagal mengirim gambar ke 62811501147! Response: {"code":"INVALID_JID","message":"Phone 62811501147@s.whatsapp.net is not on whatsapp"}

[2025-03-20 10:48:55] Gagal mengirim teks ke 6285252654465! Response: {"code":"INVALID_JID","message":"Phone 6285252654465@s.whatsapp.net is not on whatsapp"}

[2025-03-20 10:48:55] Gagal mengirim gambar ke 6285252654465! Response: {"code":"INVALID_JID","message":"Phone 6285252654465@s.whatsapp.net is not on whatsapp"}

[2025-03-20 10:49:26] Gagal mengirim teks ke 6285346159021! Response: {"code":"INVALID_JID","message":"Phone 6285346159021@s.whatsapp.net is not on whatsapp"}

[2025-03-20 10:49:26] Gagal mengirim gambar ke 6285346159021! Response: {"code":"INVALID_JID","message":"Phone 6285346159021@s.whatsapp.net is not on whatsapp"}

[2025-03-20 10:50:51] Gagal mengirim teks ke 6288242761786! Response: {"code":"INVALID_JID","message":"Phone 6288242761786@s.whatsapp.net is not on whatsapp"}

[2025-03-20 10:50:52] Gagal mengirim gambar ke 6288242761786! Response: {"code":"INVALID_JID","message":"Phone 6288242761786@s.whatsapp.net is not on whatsapp"}

[2025-03-20 10:53:30] Gagal mengirim teks ke 62838-4485-7810! Response: {"code":"INTERNAL_SERVER_ERROR","message":"failed to get device list: failed to send usync query: info query timed out"}

[2025-03-20 10:54:47] Gagal mengirim gambar ke 62838-4485-7810! Response: {"code":"INTERNAL_SERVER_ERROR","message":"failed to get device list: failed to send usync query: info query timed out"}

[2025-03-20 10:56:04] Gagal mengirim teks ke 6285102461360! Response: {"code":"INVALID_JID","message":"Phone 6285102461360@s.whatsapp.net is not on whatsapp"}

[2025-03-20 10:56:04] Gagal mengirim gambar ke 6285102461360! Response: {"code":"INVALID_JID","message":"Phone 6285102461360@s.whatsapp.net is not on whatsapp"}

[2025-03-20 11:02:19] Gagal mengirim teks ke 6281258598033! Response: {"code":"INVALID_JID","message":"Phone 6281258598033@s.whatsapp.net is not on whatsapp"}

[2025-03-20 11:02:19] Gagal mengirim gambar ke 6281258598033! Response: {"code":"INVALID_JID","message":"Phone 6281258598033@s.whatsapp.net is not on whatsapp"}

[2025-03-20 11:02:24] Gagal mengirim teks ke 6281528269240! Response: {"code":"INVALID_JID","message":"Phone 6281528269240@s.whatsapp.net is not on whatsapp"}

[2025-03-20 11:02:24] Gagal mengirim gambar ke 6281528269240! Response: {"code":"INVALID_JID","message":"Phone 6281528269240@s.whatsapp.net is not on whatsapp"}

[2025-03-20 11:03:03] Gagal mengirim teks ke 628135100068! Response: {"code":"INVALID_JID","message":"Phone 628135100068@s.whatsapp.net is not on whatsapp"}

[2025-03-20 11:03:04] Gagal mengirim gambar ke 628135100068! Response: {"code":"INVALID_JID","message":"Phone 628135100068@s.whatsapp.net is not on whatsapp"}

[2025-03-20 11:04:13] Gagal mengirim teks ke 6281349154639! Response: {"code":"INVALID_JID","message":"Phone 6281349154639@s.whatsapp.net is not on whatsapp"}

[2025-03-20 11:04:14] Gagal mengirim gambar ke 6281349154639! Response: {"code":"INVALID_JID","message":"Phone 6281349154639@s.whatsapp.net is not on whatsapp"}

[2025-03-20 11:05:10] Gagal mengirim teks ke 6281258257218! Response: {"code":"INVALID_JID","message":"Phone 6281258257218@s.whatsapp.net is not on whatsapp"}

[2025-03-20 11:05:10] Gagal mengirim gambar ke 6281258257218! Response: {"code":"INVALID_JID","message":"Phone 6281258257218@s.whatsapp.net is not on whatsapp"}

[2025-03-20 11:10:55] Gagal mengirim teks ke 6281241643480! Response: {"code":"INVALID_JID","message":"Phone 6281241643480@s.whatsapp.net is not on whatsapp"}

[2025-03-20 11:10:55] Gagal mengirim gambar ke 6281241643480! Response: {"code":"INVALID_JID","message":"Phone 6281241643480@s.whatsapp.net is not on whatsapp"}

[2025-03-20 11:11:47] Gagal mengirim teks ke 6282159645914! Response: {"code":"INVALID_JID","message":"Phone 6282159645914@s.whatsapp.net is not on whatsapp"}

[2025-03-20 11:11:48] Gagal mengirim gambar ke 6282159645914! Response: {"code":"INVALID_JID","message":"Phone 6282159645914@s.whatsapp.net is not on whatsapp"}

[2025-03-20 11:13:36] Gagal mengirim teks ke 6285251044416! Response: {"code":"INVALID_JID","message":"Phone 6285251044416@s.whatsapp.net is not on whatsapp"}

[2025-03-20 11:13:37] Gagal mengirim gambar ke 6285251044416! Response: {"code":"INVALID_JID","message":"Phone 6285251044416@s.whatsapp.net is not on whatsapp"}

[2025-03-20 11:17:55] Gagal mengirim teks ke 62811516442! Response: {"code":"INVALID_JID","message":"Phone 62811516442@s.whatsapp.net is not on whatsapp"}

[2025-03-20 11:17:55] Gagal mengirim gambar ke 62811516442! Response: {"code":"INVALID_JID","message":"Phone 62811516442@s.whatsapp.net is not on whatsapp"}

[2025-03-20 11:23:28] Gagal mengirim teks ke 6285347318158! Response: {"code":"INVALID_JID","message":"Phone 6285347318158@s.whatsapp.net is not on whatsapp"}

[2025-03-20 11:23:28] Gagal mengirim gambar ke 6285347318158! Response: {"code":"INVALID_JID","message":"Phone 6285347318158@s.whatsapp.net is not on whatsapp"}

[2025-03-20 11:23:37] Gagal mengirim teks ke 6282255417568! Response: {"code":"INVALID_JID","message":"Phone 6282255417568@s.whatsapp.net is not on whatsapp"}

[2025-03-20 11:23:38] Gagal mengirim gambar ke 6282255417568! Response: {"code":"INVALID_JID","message":"Phone 6282255417568@s.whatsapp.net is not on whatsapp"}

[2025-03-20 11:25:09] Gagal mengirim teks ke 628781602444! Response: {"code":"INVALID_JID","message":"Phone 628781602444@s.whatsapp.net is not on whatsapp"}

[2025-03-20 11:25:09] Gagal mengirim gambar ke 628781602444! Response: {"code":"INVALID_JID","message":"Phone 628781602444@s.whatsapp.net is not on whatsapp"}

[2025-03-20 11:25:15] Gagal mengirim teks ke 6282350378998! Response: {"code":"INVALID_JID","message":"Phone 6282350378998@s.whatsapp.net is not on whatsapp"}

[2025-03-20 11:25:15] Gagal mengirim gambar ke 6282350378998! Response: {"code":"INVALID_JID","message":"Phone 6282350378998@s.whatsapp.net is not on whatsapp"}

[2025-03-20 11:25:37] Gagal mengirim teks ke 6282154261441! Response: {"code":"INVALID_JID","message":"Phone 6282154261441@s.whatsapp.net is not on whatsapp"}

[2025-03-20 11:25:38] Gagal mengirim gambar ke 6282154261441! Response: {"code":"INVALID_JID","message":"Phone 6282154261441@s.whatsapp.net is not on whatsapp"}

[2025-03-20 11:26:21] Gagal mengirim teks ke 6282152113364! Response: {"code":"INVALID_JID","message":"Phone 6282152113364@s.whatsapp.net is not on whatsapp"}

[2025-03-20 11:26:22] Gagal mengirim gambar ke 6282152113364! Response: {"code":"INVALID_JID","message":"Phone 6282152113364@s.whatsapp.net is not on whatsapp"}

[2025-03-20 11:28:47] Gagal mengirim teks ke 62816212139! Response: {"code":"INVALID_JID","message":"Phone 62816212139@s.whatsapp.net is not on whatsapp"}

[2025-03-20 11:28:47] Gagal mengirim gambar ke 62816212139! Response: {"code":"INVALID_JID","message":"Phone 62816212139@s.whatsapp.net is not on whatsapp"}

[2025-03-20 11:29:17] Gagal mengirim teks ke 6281220508990! Response: {"code":"INVALID_JID","message":"Phone 6281220508990@s.whatsapp.net is not on whatsapp"}

[2025-03-20 11:29:18] Gagal mengirim gambar ke 6281220508990! Response: {"code":"INVALID_JID","message":"Phone 6281220508990@s.whatsapp.net is not on whatsapp"}

[2025-03-20 11:29:48] Gagal mengirim teks ke 6282158224422! Response: {"code":"INVALID_JID","message":"Phone 6282158224422@s.whatsapp.net is not on whatsapp"}

[2025-03-20 11:29:48] Gagal mengirim gambar ke 6282158224422! Response: {"code":"INVALID_JID","message":"Phone 6282158224422@s.whatsapp.net is not on whatsapp"}

[2025-03-20 11:36:48] Gagal mengirim teks ke 6282154999215! Response: {"code":"INVALID_JID","message":"Phone 6282154999215@s.whatsapp.net is not on whatsapp"}

[2025-03-20 11:36:48] Gagal mengirim gambar ke 6282154999215! Response: {"code":"INVALID_JID","message":"Phone 6282154999215@s.whatsapp.net is not on whatsapp"}

[2025-03-20 11:36:52] Gagal mengirim teks ke 62811453091! Response: {"code":"INVALID_JID","message":"Phone 62811453091@s.whatsapp.net is not on whatsapp"}

[2025-03-20 11:36:52] Gagal mengirim gambar ke 62811453091! Response: {"code":"INVALID_JID","message":"Phone 62811453091@s.whatsapp.net is not on whatsapp"}

[2025-03-20 11:37:27] Gagal mengirim gambar ke 628125062021! Response: {"code":"INTERNAL_SERVER_ERROR","message":"failed to download image from URL Get \"https://app.banjarmasinkota.go.id/sidinketik/img/tapera.png\": net/http: TLS handshake timeout"}

[2025-03-20 11:37:42] Gagal mengirim teks ke 6282149931225! Response: {"code":"INVALID_JID","message":"Phone 6282149931225@s.whatsapp.net is not on whatsapp"}

[2025-03-20 11:37:42] Gagal mengirim gambar ke 6282149931225! Response: {"code":"INVALID_JID","message":"Phone 6282149931225@s.whatsapp.net is not on whatsapp"}

[2025-03-20 11:43:01] Gagal mengirim teks ke 62811518604! Response: {"code":"INVALID_JID","message":"Phone 62811518604@s.whatsapp.net is not on whatsapp"}

[2025-03-20 11:43:02] Gagal mengirim gambar ke 62811518604! Response: {"code":"INVALID_JID","message":"Phone 62811518604@s.whatsapp.net is not on whatsapp"}

[2025-03-20 11:43:26] Gagal mengirim teks ke 6285248154681! Response: {"code":"INVALID_JID","message":"Phone 6285248154681@s.whatsapp.net is not on whatsapp"}

[2025-03-20 11:43:26] Gagal mengirim gambar ke 6285248154681! Response: {"code":"INVALID_JID","message":"Phone 6285248154681@s.whatsapp.net is not on whatsapp"}

[2025-03-20 11:43:37] Gagal mengirim teks ke 62878-8415-734! Response: {"code":"INVALID_JID","message":"Phone 62878-8415-734@s.whatsapp.net is not on whatsapp"}

[2025-03-20 11:43:37] Gagal mengirim gambar ke 62878-8415-734! Response: {"code":"INVALID_JID","message":"Phone 62878-8415-734@s.whatsapp.net is not on whatsapp"}

[2025-03-20 11:44:14] Gagal mengirim teks ke 6281348584644! Response: {"code":"INVALID_JID","message":"Phone 6281348584644@s.whatsapp.net is not on whatsapp"}

[2025-03-20 11:44:15] Gagal mengirim gambar ke 6281348584644! Response: {"code":"INVALID_JID","message":"Phone 6281348584644@s.whatsapp.net is not on whatsapp"}

[2025-03-20 11:45:07] Gagal mengirim teks ke 62851001278534! Response: {"code":"INVALID_JID","message":"Phone 62851001278534@s.whatsapp.net is not on whatsapp"}

[2025-03-20 11:45:08] Gagal mengirim gambar ke 62851001278534! Response: {"code":"INVALID_JID","message":"Phone 62851001278534@s.whatsapp.net is not on whatsapp"}

[2025-03-20 11:45:23] Gagal mengirim teks ke 6281349653689! Response: {"code":"INVALID_JID","message":"Phone 6281349653689@s.whatsapp.net is not on whatsapp"}

[2025-03-20 11:45:23] Gagal mengirim gambar ke 6281349653689! Response: {"code":"INVALID_JID","message":"Phone 6281349653689@s.whatsapp.net is not on whatsapp"}

[2025-03-20 11:46:24] Gagal mengirim teks ke 6285290406228! Response: {"code":"INVALID_JID","message":"Phone 6285290406228@s.whatsapp.net is not on whatsapp"}

[2025-03-20 11:46:24] Gagal mengirim gambar ke 6285290406228! Response: {"code":"INVALID_JID","message":"Phone 6285290406228@s.whatsapp.net is not on whatsapp"}

[2025-03-20 11:48:58] Gagal mengirim teks ke 628125064919! Response: {"code":"INVALID_JID","message":"Phone 628125064919@s.whatsapp.net is not on whatsapp"}

[2025-03-20 11:48:58] Gagal mengirim gambar ke 628125064919! Response: {"code":"INVALID_JID","message":"Phone 628125064919@s.whatsapp.net is not on whatsapp"}

[2025-03-20 11:54:47] Gagal mengirim teks ke 6282157329770! Response: {"code":"INVALID_JID","message":"Phone 6282157329770@s.whatsapp.net is not on whatsapp"}

[2025-03-20 11:54:48] Gagal mengirim gambar ke 6282157329770! Response: {"code":"INVALID_JID","message":"Phone 6282157329770@s.whatsapp.net is not on whatsapp"}

[2025-03-20 11:57:11] Gagal mengirim teks ke 6281250457523! Response: {"code":"INVALID_JID","message":"Phone 6281250457523@s.whatsapp.net is not on whatsapp"}

[2025-03-20 11:57:12] Gagal mengirim gambar ke 6281250457523! Response: {"code":"INVALID_JID","message":"Phone 6281250457523@s.whatsapp.net is not on whatsapp"}

[2025-03-20 12:02:11] Gagal mengirim teks ke 6285245500612! Response: {"code":"INVALID_JID","message":"Phone 6285245500612@s.whatsapp.net is not on whatsapp"}

[2025-03-20 12:02:11] Gagal mengirim gambar ke 6285245500612! Response: {"code":"INVALID_JID","message":"Phone 6285245500612@s.whatsapp.net is not on whatsapp"}

[2025-03-20 12:02:25] Gagal mengirim teks ke 62853466154861! Response: {"code":"INVALID_JID","message":"Phone 62853466154861@s.whatsapp.net is not on whatsapp"}

[2025-03-20 12:02:25] Gagal mengirim gambar ke 62853466154861! Response: {"code":"INVALID_JID","message":"Phone 62853466154861@s.whatsapp.net is not on whatsapp"}

[2025-03-20 12:09:33] Gagal mengirim teks ke 6283141473909! Response: {"code":"INVALID_JID","message":"Phone 6283141473909@s.whatsapp.net is not on whatsapp"}

[2025-03-20 12:09:34] Gagal mengirim gambar ke 6283141473909! Response: {"code":"INVALID_JID","message":"Phone 6283141473909@s.whatsapp.net is not on whatsapp"}

[2025-03-20 12:10:31] Gagal mengirim teks ke 628164569763! Response: {"code":"INVALID_JID","message":"Phone 628164569763@s.whatsapp.net is not on whatsapp"}

[2025-03-20 12:10:31] Gagal mengirim gambar ke 628164569763! Response: {"code":"INVALID_JID","message":"Phone 628164569763@s.whatsapp.net is not on whatsapp"}

[2025-03-20 12:13:09] Gagal mengirim teks ke 6282154000870! Response: {"code":"INVALID_JID","message":"Phone 6282154000870@s.whatsapp.net is not on whatsapp"}

[2025-03-20 12:13:09] Gagal mengirim gambar ke 6282154000870! Response: {"code":"INVALID_JID","message":"Phone 6282154000870@s.whatsapp.net is not on whatsapp"}

[2025-03-20 12:16:41] Gagal mengirim teks ke 6281247757689! Response: {"code":"INVALID_JID","message":"Phone 6281247757689@s.whatsapp.net is not on whatsapp"}

[2025-03-20 12:16:41] Gagal mengirim gambar ke 6281247757689! Response: {"code":"INVALID_JID","message":"Phone 6281247757689@s.whatsapp.net is not on whatsapp"}

[2025-03-20 12:17:42] Gagal mengirim gambar ke 6282133771972! Response: {"code":"INTERNAL_SERVER_ERROR","message":"failed to download image from URL Get \"https://app.banjarmasinkota.go.id/sidinketik/img/tapera.png\": net/http: TLS handshake timeout"}

[2025-03-20 12:19:41] Gagal mengirim teks ke 6283189933206! Response: {"code":"INVALID_JID","message":"Phone 6283189933206@s.whatsapp.net is not on whatsapp"}

[2025-03-20 12:19:41] Gagal mengirim gambar ke 6283189933206! Response: {"code":"INVALID_JID","message":"Phone 6283189933206@s.whatsapp.net is not on whatsapp"}

[2025-03-20 12:20:56] Gagal mengirim teks ke 628125034205! Response: {"code":"INVALID_JID","message":"Phone 628125034205@s.whatsapp.net is not on whatsapp"}

[2025-03-20 12:20:56] Gagal mengirim gambar ke 628125034205! Response: {"code":"INVALID_JID","message":"Phone 628125034205@s.whatsapp.net is not on whatsapp"}

[2025-03-20 12:23:14] Gagal mengirim teks ke 6281357147529! Response: {"code":"INVALID_JID","message":"Phone 6281357147529@s.whatsapp.net is not on whatsapp"}

[2025-03-20 12:23:15] Gagal mengirim gambar ke 6281357147529! Response: {"code":"INVALID_JID","message":"Phone 6281357147529@s.whatsapp.net is not on whatsapp"}

[2025-03-20 12:26:04] Gagal mengirim teks ke 6285392001059! Response: {"code":"INVALID_JID","message":"Phone 6285392001059@s.whatsapp.net is not on whatsapp"}

[2025-03-20 12:26:04] Gagal mengirim gambar ke 6285392001059! Response: {"code":"INVALID_JID","message":"Phone 6285392001059@s.whatsapp.net is not on whatsapp"}

[2025-03-20 12:26:13] Gagal mengirim teks ke 6281348546300! Response: {"code":"INVALID_JID","message":"Phone 6281348546300@s.whatsapp.net is not on whatsapp"}

[2025-03-20 12:26:14] Gagal mengirim gambar ke 6281348546300! Response: {"code":"INVALID_JID","message":"Phone 6281348546300@s.whatsapp.net is not on whatsapp"}

[2025-03-20 12:29:26] Gagal mengirim teks ke 6283816547247! Response: {"code":"INVALID_JID","message":"Phone 6283816547247@s.whatsapp.net is not on whatsapp"}

[2025-03-20 12:29:26] Gagal mengirim gambar ke 6283816547247! Response: {"code":"INVALID_JID","message":"Phone 6283816547247@s.whatsapp.net is not on whatsapp"}

[2025-03-20 12:29:40] Gagal mengirim teks ke 6282150442823! Response: {"code":"INVALID_JID","message":"Phone 6282150442823@s.whatsapp.net is not on whatsapp"}

[2025-03-20 12:29:40] Gagal mengirim gambar ke 6282150442823! Response: {"code":"INVALID_JID","message":"Phone 6282150442823@s.whatsapp.net is not on whatsapp"}

[2025-03-20 12:37:15] Gagal mengirim teks ke 6281258575867! Response: {"code":"INVALID_JID","message":"Phone 6281258575867@s.whatsapp.net is not on whatsapp"}

[2025-03-20 12:37:15] Gagal mengirim gambar ke 6281258575867! Response: {"code":"INVALID_JID","message":"Phone 6281258575867@s.whatsapp.net is not on whatsapp"}

[2025-03-20 12:38:54] Gagal mengirim teks ke 6281351936226! Response: {"code":"INVALID_JID","message":"Phone 6281351936226@s.whatsapp.net is not on whatsapp"}

[2025-03-20 12:38:54] Gagal mengirim gambar ke 6281351936226! Response: {"code":"INVALID_JID","message":"Phone 6281351936226@s.whatsapp.net is not on whatsapp"}

[2025-03-20 12:38:59] Gagal mengirim teks ke 6285348489565! Response: {"code":"INVALID_JID","message":"Phone 6285348489565@s.whatsapp.net is not on whatsapp"}

[2025-03-20 12:39:00] Gagal mengirim gambar ke 6285348489565! Response: {"code":"INVALID_JID","message":"Phone 6285348489565@s.whatsapp.net is not on whatsapp"}

[2025-03-20 12:39:03] Gagal mengirim teks ke 6285337521684! Response: {"code":"INVALID_JID","message":"Phone 6285337521684@s.whatsapp.net is not on whatsapp"}

[2025-03-20 12:39:03] Gagal mengirim gambar ke 6285337521684! Response: {"code":"INVALID_JID","message":"Phone 6285337521684@s.whatsapp.net is not on whatsapp"}

[2025-03-20 12:39:08] Gagal mengirim teks ke 62811517320! Response: {"code":"INVALID_JID","message":"Phone 62811517320@s.whatsapp.net is not on whatsapp"}

[2025-03-20 12:39:08] Gagal mengirim gambar ke 62811517320! Response: {"code":"INVALID_JID","message":"Phone 62811517320@s.whatsapp.net is not on whatsapp"}

[2025-03-20 12:41:29] Gagal mengirim teks ke 628164560123! Response: {"code":"INVALID_JID","message":"Phone 628164560123@s.whatsapp.net is not on whatsapp"}

[2025-03-20 12:41:29] Gagal mengirim gambar ke 628164560123! Response: {"code":"INVALID_JID","message":"Phone 628164560123@s.whatsapp.net is not on whatsapp"}

[2025-03-20 12:43:48] Gagal mengirim teks ke 628128934578562! Response: {"code":"INVALID_JID","message":"Phone 628128934578562@s.whatsapp.net is not on whatsapp"}

[2025-03-20 12:43:49] Gagal mengirim gambar ke 628128934578562! Response: {"code":"INVALID_JID","message":"Phone 628128934578562@s.whatsapp.net is not on whatsapp"}

[2025-03-20 12:49:13] Gagal mengirim teks ke 6281549607533! Response: {"code":"INVALID_JID","message":"Phone 6281549607533@s.whatsapp.net is not on whatsapp"}

[2025-03-20 12:49:13] Gagal mengirim gambar ke 6281549607533! Response: {"code":"INVALID_JID","message":"Phone 6281549607533@s.whatsapp.net is not on whatsapp"}

[2025-03-20 13:00:33] Gagal mengirim teks ke 628125029546! Response: {"code":"INVALID_JID","message":"Phone 628125029546@s.whatsapp.net is not on whatsapp"}

[2025-03-20 13:00:34] Gagal mengirim gambar ke 628125029546! Response: {"code":"INVALID_JID","message":"Phone 628125029546@s.whatsapp.net is not on whatsapp"}

[2025-03-20 13:08:30] Gagal mengirim teks ke 6282256028364! Response: {"code":"INVALID_JID","message":"Phone 6282256028364@s.whatsapp.net is not on whatsapp"}

[2025-03-20 13:08:30] Gagal mengirim gambar ke 6282256028364! Response: {"code":"INVALID_JID","message":"Phone 6282256028364@s.whatsapp.net is not on whatsapp"}

[2025-03-20 13:09:27] Gagal mengirim teks ke 6281250760033! Response: {"code":"INVALID_JID","message":"Phone 6281250760033@s.whatsapp.net is not on whatsapp"}

[2025-03-20 13:09:27] Gagal mengirim gambar ke 6281250760033! Response: {"code":"INVALID_JID","message":"Phone 6281250760033@s.whatsapp.net is not on whatsapp"}

[2025-03-20 13:10:15] Gagal mengirim teks ke 6283875292829! Response: {"code":"INVALID_JID","message":"Phone 6283875292829@s.whatsapp.net is not on whatsapp"}

[2025-03-20 13:10:16] Gagal mengirim gambar ke 6283875292829! Response: {"code":"INVALID_JID","message":"Phone 6283875292829@s.whatsapp.net is not on whatsapp"}

[2025-03-20 13:10:52] Gagal mengirim teks ke 6285248171176! Response: {"code":"INVALID_JID","message":"Phone 6285248171176@s.whatsapp.net is not on whatsapp"}

[2025-03-20 13:10:53] Gagal mengirim gambar ke 6285248171176! Response: {"code":"INVALID_JID","message":"Phone 6285248171176@s.whatsapp.net is not on whatsapp"}

[2025-03-20 13:11:42] Gagal mengirim teks ke 628524581193! Response: {"code":"INVALID_JID","message":"Phone 628524581193@s.whatsapp.net is not on whatsapp"}

[2025-03-20 13:11:42] Gagal mengirim gambar ke 628524581193! Response: {"code":"INVALID_JID","message":"Phone 628524581193@s.whatsapp.net is not on whatsapp"}

[2025-03-20 13:12:56] Gagal mengirim teks ke 6285252098010! Response: {"code":"INVALID_JID","message":"Phone 6285252098010@s.whatsapp.net is not on whatsapp"}

[2025-03-20 13:12:56] Gagal mengirim gambar ke 6285252098010! Response: {"code":"INVALID_JID","message":"Phone 6285252098010@s.whatsapp.net is not on whatsapp"}

[2025-03-20 13:13:49] Gagal mengirim teks ke 62852499994893! Response: {"code":"INVALID_JID","message":"Phone 62852499994893@s.whatsapp.net is not on whatsapp"}

[2025-03-20 13:13:49] Gagal mengirim gambar ke 62852499994893! Response: {"code":"INVALID_JID","message":"Phone 62852499994893@s.whatsapp.net is not on whatsapp"}

[2025-03-20 13:15:33] Gagal mengirim teks ke 6281348721100! Response: {"code":"INVALID_JID","message":"Phone 6281348721100@s.whatsapp.net is not on whatsapp"}

[2025-03-20 13:15:33] Gagal mengirim gambar ke 6281348721100! Response: {"code":"INVALID_JID","message":"Phone 6281348721100@s.whatsapp.net is not on whatsapp"}

[2025-03-20 13:16:14] Gagal mengirim teks ke 6281324062006! Response: {"code":"INVALID_JID","message":"Phone 6281324062006@s.whatsapp.net is not on whatsapp"}

[2025-03-20 13:16:14] Gagal mengirim gambar ke 6281324062006! Response: {"code":"INVALID_JID","message":"Phone 6281324062006@s.whatsapp.net is not on whatsapp"}

[2025-03-20 13:16:37] Gagal mengirim teks ke 628575478563! Response: {"code":"INVALID_JID","message":"Phone 628575478563@s.whatsapp.net is not on whatsapp"}

[2025-03-20 13:16:38] Gagal mengirim gambar ke 628575478563! Response: {"code":"INVALID_JID","message":"Phone 628575478563@s.whatsapp.net is not on whatsapp"}

[2025-03-20 13:19:10] Gagal mengirim teks ke 6285249044758! Response: {"code":"INVALID_JID","message":"Phone 6285249044758@s.whatsapp.net is not on whatsapp"}

[2025-03-20 13:19:10] Gagal mengirim gambar ke 6285249044758! Response: {"code":"INVALID_JID","message":"Phone 6285249044758@s.whatsapp.net is not on whatsapp"}

[2025-03-20 13:19:26] Gagal mengirim teks ke 6282153299227! Response: {"code":"INVALID_JID","message":"Phone 6282153299227@s.whatsapp.net is not on whatsapp"}

[2025-03-20 13:19:26] Gagal mengirim gambar ke 6282153299227! Response: {"code":"INVALID_JID","message":"Phone 6282153299227@s.whatsapp.net is not on whatsapp"}

[2025-03-20 13:24:21] Gagal mengirim teks ke 6281717381517! Response: {"code":"INVALID_JID","message":"Phone 6281717381517@s.whatsapp.net is not on whatsapp"}

[2025-03-20 13:24:21] Gagal mengirim gambar ke 6281717381517! Response: {"code":"INVALID_JID","message":"Phone 6281717381517@s.whatsapp.net is not on whatsapp"}

[2025-03-20 13:30:05] Gagal mengirim teks ke 6285752862748! Response: {"code":"INVALID_JID","message":"Phone 6285752862748@s.whatsapp.net is not on whatsapp"}

[2025-03-20 13:30:05] Gagal mengirim gambar ke 6285752862748! Response: {"code":"INVALID_JID","message":"Phone 6285752862748@s.whatsapp.net is not on whatsapp"}

[2025-03-20 13:32:02] Gagal mengirim teks ke 6282155314045! Response: {"code":"INVALID_JID","message":"Phone 6282155314045@s.whatsapp.net is not on whatsapp"}

[2025-03-20 13:32:02] Gagal mengirim gambar ke 6282155314045! Response: {"code":"INVALID_JID","message":"Phone 6282155314045@s.whatsapp.net is not on whatsapp"}

[2025-03-20 13:34:05] Gagal mengirim teks ke 62816685277! Response: {"code":"INVALID_JID","message":"Phone 62816685277@s.whatsapp.net is not on whatsapp"}

[2025-03-20 13:34:06] Gagal mengirim gambar ke 62816685277! Response: {"code":"INVALID_JID","message":"Phone 62816685277@s.whatsapp.net is not on whatsapp"}

[2025-03-20 13:34:54] Gagal mengirim teks ke 62811517804! Response: {"code":"INVALID_JID","message":"Phone 62811517804@s.whatsapp.net is not on whatsapp"}

[2025-03-20 13:34:54] Gagal mengirim gambar ke 62811517804! Response: {"code":"INVALID_JID","message":"Phone 62811517804@s.whatsapp.net is not on whatsapp"}

[2025-03-20 13:37:15] Gagal mengirim teks ke 6285101664764! Response: {"code":"INVALID_JID","message":"Phone 6285101664764@s.whatsapp.net is not on whatsapp"}

[2025-03-20 13:37:16] Gagal mengirim gambar ke 6285101664764! Response: {"code":"INVALID_JID","message":"Phone 6285101664764@s.whatsapp.net is not on whatsapp"}

[2025-03-20 13:41:14] Gagal mengirim teks ke 6287838372557! Response: {"code":"INVALID_JID","message":"Phone 6287838372557@s.whatsapp.net is not on whatsapp"}

[2025-03-20 13:41:14] Gagal mengirim gambar ke 6287838372557! Response: {"code":"INVALID_JID","message":"Phone 6287838372557@s.whatsapp.net is not on whatsapp"}

[2025-03-20 13:41:27] Gagal mengirim teks ke 62811514666! Response: {"code":"INVALID_JID","message":"Phone 62811514666@s.whatsapp.net is not on whatsapp"}

[2025-03-20 13:41:27] Gagal mengirim gambar ke 62811514666! Response: {"code":"INVALID_JID","message":"Phone 62811514666@s.whatsapp.net is not on whatsapp"}

[2025-03-20 13:44:01] Gagal mengirim teks ke 6285821299213! Response: {"code":"INVALID_JID","message":"Phone 6285821299213@s.whatsapp.net is not on whatsapp"}

[2025-03-20 13:44:02] Gagal mengirim gambar ke 6285821299213! Response: {"code":"INVALID_JID","message":"Phone 6285821299213@s.whatsapp.net is not on whatsapp"}

[2025-03-20 13:45:21] Gagal mengirim teks ke 62811506626! Response: {"code":"INVALID_JID","message":"Phone 62811506626@s.whatsapp.net is not on whatsapp"}

[2025-03-20 13:45:21] Gagal mengirim gambar ke 62811506626! Response: {"code":"INVALID_JID","message":"Phone 62811506626@s.whatsapp.net is not on whatsapp"}

[2025-03-20 13:47:14] Gagal mengirim teks ke 6281351945338! Response: {"code":"INVALID_JID","message":"Phone 6281351945338@s.whatsapp.net is not on whatsapp"}

[2025-03-20 13:47:14] Gagal mengirim gambar ke 6281351945338! Response: {"code":"INVALID_JID","message":"Phone 6281351945338@s.whatsapp.net is not on whatsapp"}

[2025-03-20 13:49:19] Gagal mengirim teks ke 62818383831! Response: {"code":"INVALID_JID","message":"Phone 62818383831@s.whatsapp.net is not on whatsapp"}

[2025-03-20 13:49:20] Gagal mengirim gambar ke 62818383831! Response: {"code":"INVALID_JID","message":"Phone 62818383831@s.whatsapp.net is not on whatsapp"}

[2025-03-20 13:50:58] Gagal mengirim teks ke 6281392132463! Response: {"code":"INVALID_JID","message":"Phone 6281392132463@s.whatsapp.net is not on whatsapp"}

[2025-03-20 13:50:58] Gagal mengirim gambar ke 6281392132463! Response: {"code":"INVALID_JID","message":"Phone 6281392132463@s.whatsapp.net is not on whatsapp"}

[2025-03-20 13:58:24] Gagal mengirim teks ke 6281952541333`! Response: {"code":"INTERNAL_SERVER_ERROR","message":"failed to get device list: failed to send usync query: info query timed out"}

[2025-03-20 13:59:41] Gagal mengirim gambar ke 6281952541333`! Response: {"code":"INTERNAL_SERVER_ERROR","message":"failed to get device list: failed to send usync query: info query timed out"}

[2025-03-20 14:03:40] Gagal mengirim teks ke 6285389657001! Response: {"code":"INVALID_JID","message":"Phone 6285389657001@s.whatsapp.net is not on whatsapp"}

[2025-03-20 14:03:41] Gagal mengirim gambar ke 6285389657001! Response: {"code":"INVALID_JID","message":"Phone 6285389657001@s.whatsapp.net is not on whatsapp"}

[2025-03-20 14:05:42] Gagal mengirim teks ke 62811516680! Response: {"code":"INVALID_JID","message":"Phone 62811516680@s.whatsapp.net is not on whatsapp"}

[2025-03-20 14:05:42] Gagal mengirim gambar ke 62811516680! Response: {"code":"INVALID_JID","message":"Phone 62811516680@s.whatsapp.net is not on whatsapp"}

[2025-03-20 14:07:12] Gagal mengirim teks ke 6281348236867! Response: {"code":"INVALID_JID","message":"Phone 6281348236867@s.whatsapp.net is not on whatsapp"}

[2025-03-20 14:07:12] Gagal mengirim gambar ke 6281348236867! Response: {"code":"INVALID_JID","message":"Phone 6281348236867@s.whatsapp.net is not on whatsapp"}

[2025-03-20 14:08:59] Gagal mengirim teks ke 6282351613325! Response: {"code":"INVALID_JID","message":"Phone 6282351613325@s.whatsapp.net is not on whatsapp"}

[2025-03-20 14:09:00] Gagal mengirim gambar ke 6282351613325! Response: {"code":"INVALID_JID","message":"Phone 6282351613325@s.whatsapp.net is not on whatsapp"}

[2025-03-20 14:11:42] Gagal mengirim teks ke 62895363977500! Response: {"code":"INVALID_JID","message":"Phone 62895363977500@s.whatsapp.net is not on whatsapp"}

[2025-03-20 14:11:42] Gagal mengirim gambar ke 62895363977500! Response: {"code":"INVALID_JID","message":"Phone 62895363977500@s.whatsapp.net is not on whatsapp"}

[2025-03-20 14:13:59] Gagal mengirim teks ke 6281938804398! Response: {"code":"INVALID_JID","message":"Phone 6281938804398@s.whatsapp.net is not on whatsapp"}

[2025-03-20 14:13:59] Gagal mengirim gambar ke 6281938804398! Response: {"code":"INVALID_JID","message":"Phone 6281938804398@s.whatsapp.net is not on whatsapp"}

[2025-03-20 14:16:48] Gagal mengirim teks ke 6282155957485! Response: {"code":"INVALID_JID","message":"Phone 6282155957485@s.whatsapp.net is not on whatsapp"}

[2025-03-20 14:16:49] Gagal mengirim gambar ke 6282155957485! Response: {"code":"INVALID_JID","message":"Phone 6282155957485@s.whatsapp.net is not on whatsapp"}

[2025-03-20 14:16:58] Gagal mengirim teks ke 6281251380389! Response: {"code":"INVALID_JID","message":"Phone 6281251380389@s.whatsapp.net is not on whatsapp"}

[2025-03-20 14:16:58] Gagal mengirim gambar ke 6281251380389! Response: {"code":"INVALID_JID","message":"Phone 6281251380389@s.whatsapp.net is not on whatsapp"}

[2025-03-20 14:22:36] Gagal mengirim teks ke 6285348711131! Response: {"code":"INVALID_JID","message":"Phone 6285348711131@s.whatsapp.net is not on whatsapp"}

[2025-03-20 14:22:36] Gagal mengirim gambar ke 6285348711131! Response: {"code":"INVALID_JID","message":"Phone 6285348711131@s.whatsapp.net is not on whatsapp"}

[2025-03-20 14:34:30] Gagal mengirim teks ke 6281213552624! Response: {"code":"INVALID_JID","message":"Phone 6281213552624@s.whatsapp.net is not on whatsapp"}

[2025-03-20 14:34:30] Gagal mengirim gambar ke 6281213552624! Response: {"code":"INVALID_JID","message":"Phone 6281213552624@s.whatsapp.net is not on whatsapp"}

[2025-03-20 14:38:16] Gagal mengirim teks ke 6287781717502! Response: {"code":"INVALID_JID","message":"Phone 6287781717502@s.whatsapp.net is not on whatsapp"}

[2025-03-20 14:38:16] Gagal mengirim gambar ke 6287781717502! Response: {"code":"INVALID_JID","message":"Phone 6287781717502@s.whatsapp.net is not on whatsapp"}

[2025-03-20 14:53:42] Gagal mengirim teks ke 6285751033603! Response: {"code":"INVALID_JID","message":"Phone 6285751033603@s.whatsapp.net is not on whatsapp"}

[2025-03-20 14:53:43] Gagal mengirim gambar ke 6285751033603! Response: {"code":"INVALID_JID","message":"Phone 6285751033603@s.whatsapp.net is not on whatsapp"}

[2025-03-20 14:56:54] Gagal mengirim teks ke 6285654403944! Response: {"code":"INVALID_JID","message":"Phone 6285654403944@s.whatsapp.net is not on whatsapp"}

[2025-03-20 14:56:54] Gagal mengirim gambar ke 6285654403944! Response: {"code":"INVALID_JID","message":"Phone 6285654403944@s.whatsapp.net is not on whatsapp"}

[2025-03-20 15:02:26] Gagal mengirim teks ke 628582166475! Response: {"code":"INVALID_JID","message":"Phone 628582166475@s.whatsapp.net is not on whatsapp"}

[2025-03-20 15:02:26] Gagal mengirim gambar ke 628582166475! Response: {"code":"INVALID_JID","message":"Phone 628582166475@s.whatsapp.net is not on whatsapp"}

[2025-03-20 15:06:18] Gagal mengirim teks ke 6282252876711! Response: {"code":"INVALID_JID","message":"Phone 6282252876711@s.whatsapp.net is not on whatsapp"}

[2025-03-20 15:06:18] Gagal mengirim gambar ke 6282252876711! Response: {"code":"INVALID_JID","message":"Phone 6282252876711@s.whatsapp.net is not on whatsapp"}

[2025-03-20 15:11:15] Gagal mengirim teks ke 6281254269492! Response: {"code":"INVALID_JID","message":"Phone 6281254269492@s.whatsapp.net is not on whatsapp"}

[2025-03-20 15:11:15] Gagal mengirim gambar ke 6281254269492! Response: {"code":"INVALID_JID","message":"Phone 6281254269492@s.whatsapp.net is not on whatsapp"}

[2025-03-20 15:13:21] Gagal mengirim teks ke 6281314180497! Response: {"code":"INVALID_JID","message":"Phone 6281314180497@s.whatsapp.net is not on whatsapp"}

[2025-03-20 15:13:21] Gagal mengirim gambar ke 6281314180497! Response: {"code":"INVALID_JID","message":"Phone 6281314180497@s.whatsapp.net is not on whatsapp"}

[2025-03-20 15:14:22] Gagal mengirim teks ke 6285849305014! Response: {"code":"INVALID_JID","message":"Phone 6285849305014@s.whatsapp.net is not on whatsapp"}

[2025-03-20 15:14:22] Gagal mengirim gambar ke 6285849305014! Response: {"code":"INVALID_JID","message":"Phone 6285849305014@s.whatsapp.net is not on whatsapp"}

[2025-03-20 15:19:12] Gagal mengirim teks ke 6283150472049! Response: {"code":"INVALID_JID","message":"Phone 6283150472049@s.whatsapp.net is not on whatsapp"}

[2025-03-20 15:19:12] Gagal mengirim gambar ke 6283150472049! Response: {"code":"INVALID_JID","message":"Phone 6283150472049@s.whatsapp.net is not on whatsapp"}

[2025-03-20 15:20:52] Gagal mengirim teks ke 6285751519964! Response: {"code":"INVALID_JID","message":"Phone 6285751519964@s.whatsapp.net is not on whatsapp"}

[2025-03-20 15:20:52] Gagal mengirim gambar ke 6285751519964! Response: {"code":"INVALID_JID","message":"Phone 6285751519964@s.whatsapp.net is not on whatsapp"}

[2025-03-20 15:23:43] Gagal mengirim teks ke 6282240483282! Response: {"code":"INVALID_JID","message":"Phone 6282240483282@s.whatsapp.net is not on whatsapp"}

[2025-03-20 15:23:44] Gagal mengirim gambar ke 6282240483282! Response: {"code":"INVALID_JID","message":"Phone 6282240483282@s.whatsapp.net is not on whatsapp"}

[2025-03-20 15:23:49] Gagal mengirim teks ke 62811501211! Response: {"code":"INVALID_JID","message":"Phone 62811501211@s.whatsapp.net is not on whatsapp"}

[2025-03-20 15:23:49] Gagal mengirim gambar ke 62811501211! Response: {"code":"INVALID_JID","message":"Phone 62811501211@s.whatsapp.net is not on whatsapp"}

[2025-03-20 15:26:20] Gagal mengirim teks ke 628977226439! Response: {"code":"INVALID_JID","message":"Phone 628977226439@s.whatsapp.net is not on whatsapp"}

[2025-03-20 15:26:21] Gagal mengirim gambar ke 628977226439! Response: {"code":"INVALID_JID","message":"Phone 628977226439@s.whatsapp.net is not on whatsapp"}

[2025-03-20 15:26:39] Gagal mengirim teks ke 6283153232673! Response: {"code":"INVALID_JID","message":"Phone 6283153232673@s.whatsapp.net is not on whatsapp"}

[2025-03-20 15:26:39] Gagal mengirim gambar ke 6283153232673! Response: {"code":"INVALID_JID","message":"Phone 6283153232673@s.whatsapp.net is not on whatsapp"}

[2025-03-20 15:27:34] Gagal mengirim teks ke 6285390912124! Response: {"code":"INVALID_JID","message":"Phone 6285390912124@s.whatsapp.net is not on whatsapp"}

[2025-03-20 15:27:35] Gagal mengirim gambar ke 6285390912124! Response: {"code":"INVALID_JID","message":"Phone 6285390912124@s.whatsapp.net is not on whatsapp"}

[2025-03-20 15:28:06] Gagal mengirim teks ke 6281348207450! Response: {"code":"INVALID_JID","message":"Phone 6281348207450@s.whatsapp.net is not on whatsapp"}

[2025-03-20 15:28:06] Gagal mengirim gambar ke 6281348207450! Response: {"code":"INVALID_JID","message":"Phone 6281348207450@s.whatsapp.net is not on whatsapp"}

[2025-03-20 15:40:14] Gagal mengirim teks ke 6285248127625! Response: {"code":"INVALID_JID","message":"Phone 6285248127625@s.whatsapp.net is not on whatsapp"}

[2025-03-20 15:40:14] Gagal mengirim gambar ke 6285248127625! Response: {"code":"INVALID_JID","message":"Phone 6285248127625@s.whatsapp.net is not on whatsapp"}

[2025-03-20 15:41:34] Gagal mengirim teks ke 6281257376353! Response: {"code":"INVALID_JID","message":"Phone 6281257376353@s.whatsapp.net is not on whatsapp"}

[2025-03-20 15:41:34] Gagal mengirim gambar ke 6281257376353! Response: {"code":"INVALID_JID","message":"Phone 6281257376353@s.whatsapp.net is not on whatsapp"}

[2025-03-20 15:43:37] Gagal mengirim teks ke 6281256227808! Response: {"code":"INVALID_JID","message":"Phone 6281256227808@s.whatsapp.net is not on whatsapp"}

[2025-03-20 15:43:37] Gagal mengirim gambar ke 6281256227808! Response: {"code":"INVALID_JID","message":"Phone 6281256227808@s.whatsapp.net is not on whatsapp"}

[2025-03-20 15:47:34] Gagal mengirim teks ke 62811507497! Response: {"code":"INVALID_JID","message":"Phone 62811507497@s.whatsapp.net is not on whatsapp"}

[2025-03-20 15:47:34] Gagal mengirim gambar ke 62811507497! Response: {"code":"INVALID_JID","message":"Phone 62811507497@s.whatsapp.net is not on whatsapp"}

[2025-03-20 15:48:30] Gagal mengirim teks ke 62811301777! Response: {"code":"INVALID_JID","message":"Phone 62811301777@s.whatsapp.net is not on whatsapp"}

[2025-03-20 15:48:31] Gagal mengirim gambar ke 62811301777! Response: {"code":"INVALID_JID","message":"Phone 62811301777@s.whatsapp.net is not on whatsapp"}

[2025-03-20 15:48:55] Gagal mengirim teks ke 6285654730188! Response: {"code":"INVALID_JID","message":"Phone 6285654730188@s.whatsapp.net is not on whatsapp"}

[2025-03-20 15:48:55] Gagal mengirim gambar ke 6285654730188! Response: {"code":"INVALID_JID","message":"Phone 6285654730188@s.whatsapp.net is not on whatsapp"}

[2025-03-20 15:52:57] Gagal mengirim teks ke 6281347857652! Response: {"code":"INVALID_JID","message":"Phone 6281347857652@s.whatsapp.net is not on whatsapp"}

[2025-03-20 15:52:57] Gagal mengirim gambar ke 6281347857652! Response: {"code":"INVALID_JID","message":"Phone 6281347857652@s.whatsapp.net is not on whatsapp"}

[2025-03-20 15:55:24] Gagal mengirim teks ke 6289687038651! Response: {"code":"INVALID_JID","message":"Phone 6289687038651@s.whatsapp.net is not on whatsapp"}

[2025-03-20 15:55:24] Gagal mengirim gambar ke 6289687038651! Response: {"code":"INVALID_JID","message":"Phone 6289687038651@s.whatsapp.net is not on whatsapp"}

[2025-03-20 15:56:52] Gagal mengirim teks ke 6285248466484! Response: {"code":"INVALID_JID","message":"Phone 6285248466484@s.whatsapp.net is not on whatsapp"}

[2025-03-20 15:56:52] Gagal mengirim gambar ke 6285248466484! Response: {"code":"INVALID_JID","message":"Phone 6285248466484@s.whatsapp.net is not on whatsapp"}

[2025-03-20 15:57:27] Gagal mengirim teks ke 6282322486019! Response: {"code":"INVALID_JID","message":"Phone 6282322486019@s.whatsapp.net is not on whatsapp"}

[2025-03-20 15:57:27] Gagal mengirim gambar ke 6282322486019! Response: {"code":"INVALID_JID","message":"Phone 6282322486019@s.whatsapp.net is not on whatsapp"}

[2025-03-20 15:58:41] Gagal mengirim teks ke 6287800578713! Response: {"code":"INVALID_JID","message":"Phone 6287800578713@s.whatsapp.net is not on whatsapp"}

[2025-03-20 15:58:41] Gagal mengirim gambar ke 6287800578713! Response: {"code":"INVALID_JID","message":"Phone 6287800578713@s.whatsapp.net is not on whatsapp"}

[2025-03-20 16:00:26] Gagal mengirim teks ke 6281254072376! Response: {"code":"INVALID_JID","message":"Phone 6281254072376@s.whatsapp.net is not on whatsapp"}

[2025-03-20 16:00:26] Gagal mengirim gambar ke 6281254072376! Response: {"code":"INVALID_JID","message":"Phone 6281254072376@s.whatsapp.net is not on whatsapp"}

[2025-03-21 08:14:39] Gagal mengirim teks ke 628788415734! Response: {"code":"INVALID_JID","message":"Phone 628788415734@s.whatsapp.net is not on whatsapp"}

[2025-03-21 08:14:39] Gagal mengirim gambar ke 628788415734! Response: {"code":"INVALID_JID","message":"Phone 628788415734@s.whatsapp.net is not on whatsapp"}

[2025-03-21 08:21:00] Gagal mengirim teks ke 6281253021020! Response: {"code":"INVALID_JID","message":"Phone 6281253021020@s.whatsapp.net is not on whatsapp"}

[2025-03-21 08:21:00] Gagal mengirim gambar ke 6281253021020! Response: {"code":"INVALID_JID","message":"Phone 6281253021020@s.whatsapp.net is not on whatsapp"}

[2025-03-21 08:21:38] Gagal mengirim teks ke 6281250008211! Response: {"code":"INVALID_JID","message":"Phone 6281250008211@s.whatsapp.net is not on whatsapp"}

[2025-03-21 08:21:39] Gagal mengirim gambar ke 6281250008211! Response: {"code":"INVALID_JID","message":"Phone 6281250008211@s.whatsapp.net is not on whatsapp"}

[2025-03-21 08:26:42] Gagal mengirim teks ke 6285366763006! Response: {"code":"INVALID_JID","message":"Phone 6285366763006@s.whatsapp.net is not on whatsapp"}

[2025-03-21 08:26:42] Gagal mengirim gambar ke 6285366763006! Response: {"code":"INVALID_JID","message":"Phone 6285366763006@s.whatsapp.net is not on whatsapp"}

[2025-03-21 08:31:47] Gagal mengirim teks ke 6281903381939! Response: {"code":"INVALID_JID","message":"Phone 6281903381939@s.whatsapp.net is not on whatsapp"}

[2025-03-21 08:31:48] Gagal mengirim gambar ke 6281903381939! Response: {"code":"INVALID_JID","message":"Phone 6281903381939@s.whatsapp.net is not on whatsapp"}

[2025-03-21 08:35:16] Gagal mengirim teks ke 6283127611042! Response: {"code":"INVALID_JID","message":"Phone 6283127611042@s.whatsapp.net is not on whatsapp"}

[2025-03-21 08:35:16] Gagal mengirim gambar ke 6283127611042! Response: {"code":"INVALID_JID","message":"Phone 6283127611042@s.whatsapp.net is not on whatsapp"}

[2025-03-21 08:38:07] Gagal mengirim teks ke 62895403414052! Response: {"code":"INVALID_JID","message":"Phone 62895403414052@s.whatsapp.net is not on whatsapp"}

[2025-03-21 08:38:08] Gagal mengirim gambar ke 62895403414052! Response: {"code":"INVALID_JID","message":"Phone 62895403414052@s.whatsapp.net is not on whatsapp"}

[2025-03-21 08:39:22] Gagal mengirim teks ke 6285828121948! Response: {"code":"INVALID_JID","message":"Phone 6285828121948@s.whatsapp.net is not on whatsapp"}

[2025-03-21 08:39:22] Gagal mengirim gambar ke 6285828121948! Response: {"code":"INVALID_JID","message":"Phone 6285828121948@s.whatsapp.net is not on whatsapp"}

[2025-03-21 08:42:01] Gagal mengirim teks ke 6287704393113! Response: {"code":"INVALID_JID","message":"Phone 6287704393113@s.whatsapp.net is not on whatsapp"}

[2025-03-21 08:42:02] Gagal mengirim gambar ke 6287704393113! Response: {"code":"INVALID_JID","message":"Phone 6287704393113@s.whatsapp.net is not on whatsapp"}

[2025-03-21 08:42:36] Gagal mengirim teks ke 6285348294125! Response: {"code":"INVALID_JID","message":"Phone 6285348294125@s.whatsapp.net is not on whatsapp"}

[2025-03-21 08:42:36] Gagal mengirim gambar ke 6285348294125! Response: {"code":"INVALID_JID","message":"Phone 6285348294125@s.whatsapp.net is not on whatsapp"}

[2025-03-21 08:43:11] Gagal mengirim teks ke 6283125301186! Response: {"code":"INVALID_JID","message":"Phone 6283125301186@s.whatsapp.net is not on whatsapp"}

[2025-03-21 08:43:11] Gagal mengirim gambar ke 6283125301186! Response: {"code":"INVALID_JID","message":"Phone 6283125301186@s.whatsapp.net is not on whatsapp"}

[2025-03-21 08:43:31] Gagal mengirim teks ke 6282149939277! Response: {"code":"INVALID_JID","message":"Phone 6282149939277@s.whatsapp.net is not on whatsapp"}

[2025-03-21 08:43:32] Gagal mengirim gambar ke 6282149939277! Response: {"code":"INVALID_JID","message":"Phone 6282149939277@s.whatsapp.net is not on whatsapp"}

[2025-03-21 08:45:35] Gagal mengirim teks ke 6289531470548! Response: {"code":"INVALID_JID","message":"Phone 6289531470548@s.whatsapp.net is not on whatsapp"}

[2025-03-21 08:45:35] Gagal mengirim gambar ke 6289531470548! Response: {"code":"INVALID_JID","message":"Phone 6289531470548@s.whatsapp.net is not on whatsapp"}

[2025-03-21 08:45:56] Gagal mengirim teks ke 6285349960009! Response: {"code":"INVALID_JID","message":"Phone 6285349960009@s.whatsapp.net is not on whatsapp"}

[2025-03-21 08:45:57] Gagal mengirim gambar ke 6285349960009! Response: {"code":"INVALID_JID","message":"Phone 6285349960009@s.whatsapp.net is not on whatsapp"}

[2025-03-21 08:50:57] Gagal mengirim teks ke 6285776161049! Response: {"code":"INVALID_JID","message":"Phone 6285776161049@s.whatsapp.net is not on whatsapp"}

[2025-03-21 08:50:57] Gagal mengirim gambar ke 6285776161049! Response: {"code":"INVALID_JID","message":"Phone 6285776161049@s.whatsapp.net is not on whatsapp"}

[2025-03-21 08:54:20] Gagal mengirim teks ke 62895604839935! Response: {"code":"INVALID_JID","message":"Phone 62895604839935@s.whatsapp.net is not on whatsapp"}

[2025-03-21 08:54:21] Gagal mengirim gambar ke 62895604839935! Response: {"code":"INVALID_JID","message":"Phone 62895604839935@s.whatsapp.net is not on whatsapp"}

[2025-03-21 08:56:25] Gagal mengirim teks ke 6289602780321! Response: {"code":"INVALID_JID","message":"Phone 6289602780321@s.whatsapp.net is not on whatsapp"}

[2025-03-21 08:56:25] Gagal mengirim gambar ke 6289602780321! Response: {"code":"INVALID_JID","message":"Phone 6289602780321@s.whatsapp.net is not on whatsapp"}

[2025-03-21 08:57:04] Gagal mengirim teks ke 6289525003703! Response: {"code":"INVALID_JID","message":"Phone 6289525003703@s.whatsapp.net is not on whatsapp"}

[2025-03-21 08:57:05] Gagal mengirim gambar ke 6289525003703! Response: {"code":"INVALID_JID","message":"Phone 6289525003703@s.whatsapp.net is not on whatsapp"}

[2025-03-21 09:00:26] Gagal mengirim teks ke 6285754291017! Response: {"code":"INVALID_JID","message":"Phone 6285754291017@s.whatsapp.net is not on whatsapp"}

[2025-03-21 09:00:26] Gagal mengirim gambar ke 6285754291017! Response: {"code":"INVALID_JID","message":"Phone 6285754291017@s.whatsapp.net is not on whatsapp"}

[2025-03-21 09:01:56] Gagal mengirim teks ke 628225605102! Response: {"code":"INVALID_JID","message":"Phone 628225605102@s.whatsapp.net is not on whatsapp"}

[2025-03-21 09:01:57] Gagal mengirim gambar ke 628225605102! Response: {"code":"INVALID_JID","message":"Phone 628225605102@s.whatsapp.net is not on whatsapp"}

[2025-03-21 09:03:12] Gagal mengirim teks ke 6285248626843! Response: {"code":"INVALID_JID","message":"Phone 6285248626843@s.whatsapp.net is not on whatsapp"}

[2025-03-21 09:03:12] Gagal mengirim gambar ke 6285248626843! Response: {"code":"INVALID_JID","message":"Phone 6285248626843@s.whatsapp.net is not on whatsapp"}

[2025-03-21 09:04:05] Gagal mengirim teks ke 6282296161466! Response: {"code":"INVALID_JID","message":"Phone 6282296161466@s.whatsapp.net is not on whatsapp"}

[2025-03-21 09:04:06] Gagal mengirim gambar ke 6282296161466! Response: {"code":"INVALID_JID","message":"Phone 6282296161466@s.whatsapp.net is not on whatsapp"}

[2025-03-21 09:16:32] Gagal mengirim teks ke 6285101383374! Response: {"code":"INVALID_JID","message":"Phone 6285101383374@s.whatsapp.net is not on whatsapp"}

[2025-03-21 09:16:32] Gagal mengirim gambar ke 6285101383374! Response: {"code":"INVALID_JID","message":"Phone 6285101383374@s.whatsapp.net is not on whatsapp"}

[2025-03-21 09:17:04] Gagal mengirim teks ke 6287883785737! Response: {"code":"INVALID_JID","message":"Phone 6287883785737@s.whatsapp.net is not on whatsapp"}

[2025-03-21 09:17:04] Gagal mengirim gambar ke 6287883785737! Response: {"code":"INVALID_JID","message":"Phone 6287883785737@s.whatsapp.net is not on whatsapp"}

[2025-03-21 09:22:00] Gagal mengirim teks ke 6287777736999! Response: {"code":"INVALID_JID","message":"Phone 6287777736999@s.whatsapp.net is not on whatsapp"}

[2025-03-21 09:22:00] Gagal mengirim gambar ke 6287777736999! Response: {"code":"INVALID_JID","message":"Phone 6287777736999@s.whatsapp.net is not on whatsapp"}

[2025-03-21 09:24:02] Gagal mengirim teks ke 6285348097880! Response: {"code":"INVALID_JID","message":"Phone 6285348097880@s.whatsapp.net is not on whatsapp"}

[2025-03-21 09:24:03] Gagal mengirim gambar ke 6285348097880! Response: {"code":"INVALID_JID","message":"Phone 6285348097880@s.whatsapp.net is not on whatsapp"}

[2025-03-21 09:32:38] Gagal mengirim teks ke 6285347075898! Response: {"code":"INVALID_JID","message":"Phone 6285347075898@s.whatsapp.net is not on whatsapp"}

[2025-03-21 09:32:39] Gagal mengirim gambar ke 6285347075898! Response: {"code":"INVALID_JID","message":"Phone 6285347075898@s.whatsapp.net is not on whatsapp"}

[2025-03-21 09:36:58] Gagal mengirim teks ke 6285729260305! Response: {"code":"INVALID_JID","message":"Phone 6285729260305@s.whatsapp.net is not on whatsapp"}

[2025-03-21 09:36:59] Gagal mengirim gambar ke 6285729260305! Response: {"code":"INVALID_JID","message":"Phone 6285729260305@s.whatsapp.net is not on whatsapp"}

[2025-03-21 09:38:08] Gagal mengirim teks ke 62811519283! Response: {"code":"INVALID_JID","message":"Phone 62811519283@s.whatsapp.net is not on whatsapp"}

[2025-03-21 09:38:08] Gagal mengirim gambar ke 62811519283! Response: {"code":"INVALID_JID","message":"Phone 62811519283@s.whatsapp.net is not on whatsapp"}

[2025-03-21 09:42:59] Gagal mengirim teks ke 6287815863556! Response: {"code":"INVALID_JID","message":"Phone 6287815863556@s.whatsapp.net is not on whatsapp"}

[2025-03-21 09:43:00] Gagal mengirim gambar ke 6287815863556! Response: {"code":"INVALID_JID","message":"Phone 6287815863556@s.whatsapp.net is not on whatsapp"}

[2025-03-21 09:47:35] Gagal mengirim teks ke 6281649720204! Response: {"code":"INVALID_JID","message":"Phone 6281649720204@s.whatsapp.net is not on whatsapp"}

[2025-03-21 09:47:35] Gagal mengirim gambar ke 6281649720204! Response: {"code":"INVALID_JID","message":"Phone 6281649720204@s.whatsapp.net is not on whatsapp"}

[2025-03-21 09:47:40] Gagal mengirim teks ke 6285332908436! Response: {"code":"INVALID_JID","message":"Phone 6285332908436@s.whatsapp.net is not on whatsapp"}

[2025-03-21 09:47:40] Gagal mengirim gambar ke 6285332908436! Response: {"code":"INVALID_JID","message":"Phone 6285332908436@s.whatsapp.net is not on whatsapp"}

[2025-03-21 09:54:18] Gagal mengirim teks ke 6287814007616! Response: {"code":"INVALID_JID","message":"Phone 6287814007616@s.whatsapp.net is not on whatsapp"}

[2025-03-21 09:54:18] Gagal mengirim gambar ke 6287814007616! Response: {"code":"INVALID_JID","message":"Phone 6287814007616@s.whatsapp.net is not on whatsapp"}

[2025-03-21 09:58:02] Gagal mengirim teks ke 6285250824564! Response: {"code":"INVALID_JID","message":"Phone 6285250824564@s.whatsapp.net is not on whatsapp"}

[2025-03-21 09:58:02] Gagal mengirim gambar ke 6285250824564! Response: {"code":"INVALID_JID","message":"Phone 6285250824564@s.whatsapp.net is not on whatsapp"}

[2025-03-21 10:00:33] Gagal mengirim teks ke 6287728490209! Response: {"code":"INVALID_JID","message":"Phone 6287728490209@s.whatsapp.net is not on whatsapp"}

[2025-03-21 10:00:34] Gagal mengirim gambar ke 6287728490209! Response: {"code":"INVALID_JID","message":"Phone 6287728490209@s.whatsapp.net is not on whatsapp"}

[2025-03-21 10:00:38] Gagal mengirim teks ke 6285740654128! Response: {"code":"INVALID_JID","message":"Phone 6285740654128@s.whatsapp.net is not on whatsapp"}

[2025-03-21 10:00:38] Gagal mengirim gambar ke 6285740654128! Response: {"code":"INVALID_JID","message":"Phone 6285740654128@s.whatsapp.net is not on whatsapp"}

[2025-03-21 10:01:32] Gagal mengirim teks ke 6287888770808! Response: {"code":"INVALID_JID","message":"Phone 6287888770808@s.whatsapp.net is not on whatsapp"}

[2025-03-21 10:01:32] Gagal mengirim gambar ke 6287888770808! Response: {"code":"INVALID_JID","message":"Phone 6287888770808@s.whatsapp.net is not on whatsapp"}

[2025-03-21 10:03:39] Gagal mengirim teks ke 6282157705811! Response: {"code":"INVALID_JID","message":"Phone 6282157705811@s.whatsapp.net is not on whatsapp"}

[2025-03-21 10:03:40] Gagal mengirim gambar ke 6282157705811! Response: {"code":"INVALID_JID","message":"Phone 6282157705811@s.whatsapp.net is not on whatsapp"}

[2025-03-21 10:04:16] Gagal mengirim teks ke 62816791816! Response: {"code":"INVALID_JID","message":"Phone 62816791816@s.whatsapp.net is not on whatsapp"}

[2025-03-21 10:04:16] Gagal mengirim gambar ke 62816791816! Response: {"code":"INVALID_JID","message":"Phone 62816791816@s.whatsapp.net is not on whatsapp"}

[2025-03-21 10:06:49] Gagal mengirim teks ke 6281257241671! Response: {"code":"INVALID_JID","message":"Phone 6281257241671@s.whatsapp.net is not on whatsapp"}

[2025-03-21 10:06:49] Gagal mengirim gambar ke 6281257241671! Response: {"code":"INVALID_JID","message":"Phone 6281257241671@s.whatsapp.net is not on whatsapp"}

[2025-03-21 10:08:51] Gagal mengirim teks ke 6285248920400! Response: {"code":"INVALID_JID","message":"Phone 6285248920400@s.whatsapp.net is not on whatsapp"}

[2025-03-21 10:08:51] Gagal mengirim gambar ke 6285248920400! Response: {"code":"INVALID_JID","message":"Phone 6285248920400@s.whatsapp.net is not on whatsapp"}

[2025-03-21 10:10:02] Gagal mengirim teks ke 6285754172817! Response: {"code":"INVALID_JID","message":"Phone 6285754172817@s.whatsapp.net is not on whatsapp"}

[2025-03-21 10:10:02] Gagal mengirim gambar ke 6285754172817! Response: {"code":"INVALID_JID","message":"Phone 6285754172817@s.whatsapp.net is not on whatsapp"}

[2025-03-21 10:11:30] Gagal mengirim teks ke 6289671402274! Response: {"code":"INVALID_JID","message":"Phone 6289671402274@s.whatsapp.net is not on whatsapp"}

[2025-03-21 10:11:30] Gagal mengirim gambar ke 6289671402274! Response: {"code":"INVALID_JID","message":"Phone 6289671402274@s.whatsapp.net is not on whatsapp"}

[2025-03-21 10:11:36] Gagal mengirim teks ke 6281256593420! Response: {"code":"INVALID_JID","message":"Phone 6281256593420@s.whatsapp.net is not on whatsapp"}

[2025-03-21 10:11:36] Gagal mengirim gambar ke 6281256593420! Response: {"code":"INVALID_JID","message":"Phone 6281256593420@s.whatsapp.net is not on whatsapp"}

[2025-03-21 10:12:08] Gagal mengirim teks ke 6285348375800! Response: {"code":"INVALID_JID","message":"Phone 6285348375800@s.whatsapp.net is not on whatsapp"}

[2025-03-21 10:12:09] Gagal mengirim gambar ke 6285348375800! Response: {"code":"INVALID_JID","message":"Phone 6285348375800@s.whatsapp.net is not on whatsapp"}

[2025-03-21 10:17:39] Gagal mengirim teks ke 62895701251964! Response: {"code":"INVALID_JID","message":"Phone 62895701251964@s.whatsapp.net is not on whatsapp"}

[2025-03-21 10:17:39] Gagal mengirim gambar ke 62895701251964! Response: {"code":"INVALID_JID","message":"Phone 62895701251964@s.whatsapp.net is not on whatsapp"}

